This is pdfTeX, Version 3.14159265-2.6-1.40.15 (TeX Live 2014/Debian) (preloaded format=pdflatex 2015.6.20)  27 OCT 2015 10:07
entering extended mode
 restricted \write18 enabled.
 %&-line parsing enabled.
**Tesis_v1.tex
(./Tesis_v1.tex
LaTeX2e <2014/05/01>
Babel <3.9k> and hyphenation patterns for 79 languages loaded.
(/usr/share/texlive/texmf-dist/tex/latex/base/report.cls
Document Class: report 2007/10/19 v1.4h Standard LaTeX document class
(/usr/share/texlive/texmf-dist/tex/latex/base/size12.clo
File: size12.clo 2007/10/19 v1.4h Standard LaTeX file (size option)
)
\c@part=\count79
\c@chapter=\count80
\c@section=\count81
\c@subsection=\count82
\c@subsubsection=\count83
\c@paragraph=\count84
\c@subparagraph=\count85
\c@figure=\count86
\c@table=\count87
\abovecaptionskip=\skip41
\belowcaptionskip=\skip42
\bibindent=\dimen102
)
(/usr/share/texlive/texmf-dist/tex/latex/listings/listings.sty
(/usr/share/texlive/texmf-dist/tex/latex/graphics/keyval.sty
Package: keyval 2014/05/08 v1.15 key=value parser (DPC)
\KV@toks@=\toks14
)
\lst@mode=\count88
\lst@gtempboxa=\box26
\lst@token=\toks15
\lst@length=\count89
\lst@currlwidth=\dimen103
\lst@column=\count90
\lst@pos=\count91
\lst@lostspace=\dimen104
\lst@width=\dimen105
\lst@newlines=\count92
\lst@lineno=\count93
\lst@maxwidth=\dimen106

(/usr/share/texlive/texmf-dist/tex/latex/listings/lstmisc.sty
File: lstmisc.sty 2014/03/04 1.5c (Carsten Heinz)
\c@lstnumber=\count94
\lst@skipnumbers=\count95
\lst@framebox=\box27
)
(/usr/share/texlive/texmf-dist/tex/latex/listings/listings.cfg
File: listings.cfg 2014/03/04 1.5c listings configuration
))
Package: listings 2014/03/04 1.5c (Carsten Heinz)

(/usr/share/texlive/texmf-dist/tex/latex/graphics/color.sty
Package: color 2014/04/23 v1.1a Standard LaTeX Color (DPC)

(/usr/share/texlive/texmf-dist/tex/latex/latexconfig/color.cfg
File: color.cfg 2007/01/18 v1.5 color configuration of teTeX/TeXLive
)
Package color Info: Driver file: pdftex.def on input line 137.

(/usr/share/texlive/texmf-dist/tex/latex/pdftex-def/pdftex.def
File: pdftex.def 2011/05/27 v0.06d Graphics/color for pdfTeX

(/usr/share/texlive/texmf-dist/tex/generic/oberdiek/infwarerr.sty
Package: infwarerr 2010/04/08 v1.3 Providing info/warning/error messages (HO)
)
(/usr/share/texlive/texmf-dist/tex/generic/oberdiek/ltxcmds.sty
Package: ltxcmds 2011/11/09 v1.22 LaTeX kernel commands for general use (HO)
)
\Gread@gobject=\count96
))
(./amsmath.sty
Package: amsmath 2013/01/14 v2.14 AMS math features
\@mathmargin=\skip43

For additional information on amsmath, use the `?' option.
(./amstext.sty
Package: amstext 2000/06/29 v2.01
 (./amsgen.sty
File: amsgen.sty 1999/11/30 v2.0
\@emptytoks=\toks16
\ex@=\dimen107
)) (./amsbsy.sty
Package: amsbsy 1999/11/29 v1.2d
\pmbraise@=\dimen108
) (./amsopn.sty
Package: amsopn 1999/12/14 v2.01 operator names
)
\inf@bad=\count97
LaTeX Info: Redefining \frac on input line 210.
\uproot@=\count98
\leftroot@=\count99
LaTeX Info: Redefining \overline on input line 306.
\classnum@=\count100
\DOTSCASE@=\count101
LaTeX Info: Redefining \ldots on input line 378.
LaTeX Info: Redefining \dots on input line 381.
LaTeX Info: Redefining \cdots on input line 466.
\Mathstrutbox@=\box28
\strutbox@=\box29
\big@size=\dimen109
LaTeX Font Info:    Redeclaring font encoding OML on input line 566.
LaTeX Font Info:    Redeclaring font encoding OMS on input line 567.
\macc@depth=\count102
\c@MaxMatrixCols=\count103
\dotsspace@=\muskip10
\c@parentequation=\count104
\dspbrk@lvl=\count105
\tag@help=\toks17
\row@=\count106
\column@=\count107
\maxfields@=\count108
\andhelp@=\toks18
\eqnshift@=\dimen110
\alignsep@=\dimen111
\tagshift@=\dimen112
\tagwidth@=\dimen113
\totwidth@=\dimen114
\lineht@=\dimen115
\@envbody=\toks19
\multlinegap=\skip44
\multlinetaggap=\skip45
\mathdisplay@stack=\toks20
LaTeX Info: Redefining \[ on input line 2665.
LaTeX Info: Redefining \] on input line 2666.
)
(/usr/share/texlive/texmf-dist/tex/latex/amsfonts/amssymb.sty
Package: amssymb 2013/01/14 v3.01 AMS font symbols

(/usr/share/texlive/texmf-dist/tex/latex/amsfonts/amsfonts.sty
Package: amsfonts 2013/01/14 v3.01 Basic AMSFonts support
\symAMSa=\mathgroup4
\symAMSb=\mathgroup5
LaTeX Font Info:    Overwriting math alphabet `\mathfrak' in version `bold'
(Font)                  U/euf/m/n --> U/euf/b/n on input line 106.
))
(/usr/share/texlive/texmf-dist/tex/latex/makecell/makecell.sty
Package: makecell 2009/08/03 V0.1e Managing of Tab Column Heads and Cells

(/usr/share/texlive/texmf-dist/tex/latex/tools/array.sty
Package: array 2008/09/09 v2.4c Tabular extension package (FMi)
\col@sep=\dimen116
\extrarowheight=\dimen117
\NC@list=\toks21
\extratabsurround=\skip46
\backup@length=\skip47
)
\rotheadsize=\dimen118
\c@nlinenum=\count109
\TeXr@lab=\toks22
)
(/usr/share/texlive/texmf-dist/tex/latex/etoolbox/etoolbox.sty
Package: etoolbox 2011/01/03 v2.1 e-TeX tools for LaTeX

(/usr/share/texlive/texmf-dist/tex/latex/etex-pkg/etex.sty
Package: etex 1998/03/26 v2.0 eTeX basic definition package (PEB)
\et@xins=\count110
)
\etb@tempcnta=\count111
)
(/usr/share/texlive/texmf-dist/tex/latex/listings/lstlang1.sty
File: lstlang1.sty 2014/03/04 1.5c listings language file
)
\@input{includes/config.aux}
\openout2 = `includes/config.aux'.

(./includes/config.tex
(/usr/share/texlive/texmf-dist/tex/generic/babel/babel.sty
Package: babel 2014/03/24 3.9k The Babel package

(/usr/share/texlive/texmf-dist/tex/generic/babel-spanish/spanish.ldf
Language: spanish.ldf 2014/04/24 v5.0n Spanish support from the babel system

(/usr/share/texlive/texmf-dist/tex/generic/babel/babel.def
File: babel.def 2014/03/24 3.9k Babel common definitions
\babel@savecnt=\count112
\U@D=\dimen119
)
\es@quottoks=\toks23
\es@quotdepth=\count113
Package babel Info: Making " an active character on input line 516.
Package babel Info: Making . an active character on input line 617.
Package babel Info: Making < an active character on input line 662.
Package babel Info: Making > an active character on input line 662.
Package babel Info: Making ' an active character on input line 680.
))
(/usr/share/texlive/texmf-dist/tex/latex/base/fontenc.sty
Package: fontenc 2005/09/27 v1.99g Standard LaTeX package

(/usr/share/texlive/texmf-dist/tex/latex/base/t1enc.def
File: t1enc.def 2005/09/27 v1.99g Standard LaTeX file
LaTeX Font Info:    Redeclaring font encoding T1 on input line 43.
))
(/usr/share/texlive/texmf-dist/tex/latex/graphics/graphicx.sty
Package: graphicx 2014/04/25 v1.0g Enhanced LaTeX Graphics (DPC,SPQR)

(/usr/share/texlive/texmf-dist/tex/latex/graphics/graphics.sty
Package: graphics 2009/02/05 v1.0o Standard LaTeX Graphics (DPC,SPQR)

(/usr/share/texlive/texmf-dist/tex/latex/graphics/trig.sty
Package: trig 1999/03/16 v1.09 sin cos tan (DPC)
)
(/usr/share/texlive/texmf-dist/tex/latex/latexconfig/graphics.cfg
File: graphics.cfg 2010/04/23 v1.9 graphics configuration of TeX Live
)
Package graphics Info: Driver file: pdftex.def on input line 91.
)
\Gin@req@height=\dimen120
\Gin@req@width=\dimen121
)
(/usr/share/texlive/texmf-dist/tex/latex/geometry/geometry.sty
Package: geometry 2010/09/12 v5.6 Page Geometry

(/usr/share/texlive/texmf-dist/tex/generic/oberdiek/ifpdf.sty
Package: ifpdf 2011/01/30 v2.3 Provides the ifpdf switch (HO)
Package ifpdf Info: pdfTeX in PDF mode is detected.
)
(/usr/share/texlive/texmf-dist/tex/generic/oberdiek/ifvtex.sty
Package: ifvtex 2010/03/01 v1.5 Detect VTeX and its facilities (HO)
Package ifvtex Info: VTeX not detected.
)
(/usr/share/texlive/texmf-dist/tex/generic/ifxetex/ifxetex.sty
Package: ifxetex 2010/09/12 v0.6 Provides ifxetex conditional
)
\Gm@cnth=\count114
\Gm@cntv=\count115
\c@Gm@tempcnt=\count116
\Gm@bindingoffset=\dimen122
\Gm@wd@mp=\dimen123
\Gm@odd@mp=\dimen124
\Gm@even@mp=\dimen125
\Gm@layoutwidth=\dimen126
\Gm@layoutheight=\dimen127
\Gm@layouthoffset=\dimen128
\Gm@layoutvoffset=\dimen129
\Gm@dimlist=\toks24
)
(/usr/share/texlive/texmf-dist/tex/latex/titlesec/titlesec.sty
Package: titlesec 2011/12/15 v2.10.0 Sectioning titles
\ttl@box=\box30
\beforetitleunit=\skip48
\aftertitleunit=\skip49
\ttl@plus=\dimen130
\ttl@minus=\dimen131
\ttl@toksa=\toks25
\titlewidth=\dimen132
\titlewidthlast=\dimen133
\titlewidthfirst=\dimen134
)
(/usr/share/texlive/texmf-dist/tex/latex/url/url.sty
\Urlmuskip=\muskip11
Package: url 2013/09/16  ver 3.4  Verb mode for urls, etc.
)
(/usr/share/texlive/texmf-dist/tex/latex/fancyhdr/fancyhdr.sty
\fancy@headwidth=\skip50
\f@ncyO@elh=\skip51
\f@ncyO@erh=\skip52
\f@ncyO@olh=\skip53
\f@ncyO@orh=\skip54
\f@ncyO@elf=\skip55
\f@ncyO@erf=\skip56
\f@ncyO@olf=\skip57
\f@ncyO@orf=\skip58
)
(/usr/share/texlive/texmf-dist/tex/latex/base/fix-cm.sty
Package: fix-cm 2014/06/10 v1.1r fixes to LaTeX

(/usr/share/texlive/texmf-dist/tex/latex/base/ts1enc.def
File: ts1enc.def 2001/06/05 v3.0e (jk/car/fm) Standard LaTeX file
))
(/usr/share/texlive/texmf-dist/tex/latex/setspace/setspace.sty
Package: setspace 2011/12/19 v6.7a set line spacing
)
(/usr/share/texlive/texmf-dist/tex/latex/fmtcount/fmtcount.sty
Package: fmtcount 2014/06/18 v2.04

(/usr/share/texlive/texmf-dist/tex/latex/base/ifthen.sty
Package: ifthen 2001/05/26 v1.1c Standard LaTeX ifthen package (DPC)
)
(/usr/share/texlive/texmf-dist/tex/latex/fmtcount/fcprefix.sty
Package: fcprefix 2012/09/28

(/usr/share/texlive/texmf-dist/tex/latex/fmtcount/fcnumparser.sty
Package: fcnumparser 2012/09/28
\fc@digit@counter=\count117
))
\c@padzeroesN=\count118
\fc@tmpcatcode=\count119
\@DT@modctr=\count120
\@ordinalctr=\count121
\@orgargctr=\count122
\@strctr=\count123
\@tmpstrctr=\count124
\@DT@loopN=\count125
\@DT@X=\count126
)
(/usr/share/texlive/texmf-dist/tex/latex/threeparttable/threeparttable.sty
Package: threeparttable 2003/06/13  v 3.0
\@tempboxb=\box31
)
(/usr/share/texlive/texmf-dist/tex/latex/float/float.sty
Package: float 2001/11/08 v1.3d Float enhancements (AL)
\c@float@type=\count127
\float@exts=\toks26
\float@box=\box32
\@float@everytoks=\toks27
\@floatcapt=\box33
)
(/usr/share/texlive/texmf-dist/tex/latex/caption/caption.sty
Package: caption 2013/05/02 v3.3-89 Customizing captions (AR)

(/usr/share/texlive/texmf-dist/tex/latex/caption/caption3.sty
Package: caption3 2013/05/02 v1.6-88 caption3 kernel (AR)
Package caption3 Info: TeX engine: e-TeX on input line 57.
\captionmargin=\dimen135
\captionmargin@=\dimen136
\captionwidth=\dimen137
\caption@tempdima=\dimen138
\caption@indent=\dimen139
\caption@parindent=\dimen140
\caption@hangindent=\dimen141
)
\c@ContinuedFloat=\count128
Package caption Info: float package is loaded.
Package caption Info: listings package is loaded.
Package caption Info: threeparttable package is loaded.
))
(./Tesis_v1.aux (./include/1.front_page.aux)
LaTeX Info: Redefining \. on input line 8.
LaTeX Info: Redefining \% on input line 8.
 (./include/4.dedication.aux)
(./include/ack.aux) (./include/2.abstract.aux) (./include/2.resumen.aux)
(./include/5.toc.aux) (./include/6.tables.aux) (./include/7.figures.aux)
(./include/7.5.code.aux) (./include/8.chapter01.aux) (./include/9.chapter02.aux
) (./include/10.chapter03.aux) (./include/11.chapter04.aux)
(./include/12.chapter05.aux

LaTeX Warning: Label `RoamingLTL' multiply defined.


LaTeX Warning: Label `FamilyP2_Listing' multiply defined.


LaTeX Warning: Label `CoreRules_Listing' multiply defined.

) (./include/13.chapter06.aux) (./includes/bibliografia.aux)
(./include/14.AppendixA.aux) (./include/vitae.aux))
\openout1 = `Tesis_v1.aux'.

LaTeX Font Info:    Checking defaults for OML/cmm/m/it on input line 51.
LaTeX Font Info:    ... okay on input line 51.
LaTeX Font Info:    Checking defaults for T1/cmr/m/n on input line 51.
LaTeX Font Info:    ... okay on input line 51.
LaTeX Font Info:    Checking defaults for OT1/cmr/m/n on input line 51.
LaTeX Font Info:    ... okay on input line 51.
LaTeX Font Info:    Checking defaults for OMS/cmsy/m/n on input line 51.
LaTeX Font Info:    ... okay on input line 51.
LaTeX Font Info:    Checking defaults for OMX/cmex/m/n on input line 51.
LaTeX Font Info:    ... okay on input line 51.
LaTeX Font Info:    Checking defaults for U/cmr/m/n on input line 51.
LaTeX Font Info:    ... okay on input line 51.
LaTeX Font Info:    Checking defaults for TS1/cmr/m/n on input line 51.
LaTeX Font Info:    ... okay on input line 51.
\c@lstlisting=\count129

(/usr/share/texlive/texmf-dist/tex/context/base/supp-pdf.mkii
[Loading MPS to PDF converter (version 2006.09.02).]
\scratchcounter=\count130
\scratchdimen=\dimen142
\scratchbox=\box34
\nofMPsegments=\count131
\nofMParguments=\count132
\everyMPshowfont=\toks28
\MPscratchCnt=\count133
\MPscratchDim=\dimen143
\MPnumerator=\count134
\makeMPintoPDFobject=\count135
\everyMPtoPDFconversion=\toks29
)
LaTeX Info: Redefining \. on input line 51.
LaTeX Info: Redefining \% on input line 51.
 (/usr/share/texlive/texmf-dist/tex/generic/oberdiek/pdftexcmds.sty
Package: pdftexcmds 2011/11/29 v0.20 Utility functions of pdfTeX for LuaTeX (HO
)

(/usr/share/texlive/texmf-dist/tex/generic/oberdiek/ifluatex.sty
Package: ifluatex 2010/03/01 v1.3 Provides the ifluatex switch (HO)
Package ifluatex Info: LuaTeX not detected.
)
Package pdftexcmds Info: LuaTeX not detected.
Package pdftexcmds Info: \pdf@primitive is available.
Package pdftexcmds Info: \pdf@ifprimitive is available.
Package pdftexcmds Info: \pdfdraftmode found.
)
(/usr/share/texlive/texmf-dist/tex/latex/oberdiek/epstopdf-base.sty
Package: epstopdf-base 2010/02/09 v2.5 Base part for package epstopdf

(/usr/share/texlive/texmf-dist/tex/latex/oberdiek/grfext.sty
Package: grfext 2010/08/19 v1.1 Manage graphics extensions (HO)

(/usr/share/texlive/texmf-dist/tex/generic/oberdiek/kvdefinekeys.sty
Package: kvdefinekeys 2011/04/07 v1.3 Define keys (HO)
))
(/usr/share/texlive/texmf-dist/tex/latex/oberdiek/kvoptions.sty
Package: kvoptions 2011/06/30 v3.11 Key value format for package options (HO)

(/usr/share/texlive/texmf-dist/tex/generic/oberdiek/kvsetkeys.sty
Package: kvsetkeys 2012/04/25 v1.16 Key value parser (HO)

(/usr/share/texlive/texmf-dist/tex/generic/oberdiek/etexcmds.sty
Package: etexcmds 2011/02/16 v1.5 Avoid name clashes with e-TeX commands (HO)
Package etexcmds Info: Could not find \expanded.
(etexcmds)             That can mean that you are not using pdfTeX 1.50 or
(etexcmds)             that some package has redefined \expanded.
(etexcmds)             In the latter case, load this package earlier.
)))
Package grfext Info: Graphics extension search list:
(grfext)             [.png,.pdf,.jpg,.mps,.jpeg,.jbig2,.jb2,.PNG,.PDF,.JPG,.JPE
G,.JBIG2,.JB2,.eps]
(grfext)             \AppendGraphicsExtensions on input line 452.

(/usr/share/texlive/texmf-dist/tex/latex/latexconfig/epstopdf-sys.cfg
File: epstopdf-sys.cfg 2010/07/13 v1.3 Configuration of (r)epstopdf for TeX Liv
e
))
*geometry* driver: auto-detecting
*geometry* detected driver: pdftex
*geometry* verbose mode - [ preamble ] result:
* driver: pdftex
* paper: letterpaper
* layout: <same size as paper>
* layoutoffset:(h,v)=(0.0pt,0.0pt)
* modes: 
* h-part:(L,W,R)=(85.35826pt, 457.80486pt, 71.13188pt)
* v-part:(T,H,B)=(71.13188pt, 652.70622pt, 71.13188pt)
* \paperwidth=614.295pt
* \paperheight=794.96999pt
* \textwidth=457.80486pt
* \textheight=652.70622pt
* \oddsidemargin=13.08827pt
* \evensidemargin=13.08827pt
* \topmargin=-38.1381pt
* \headheight=12.0pt
* \headsep=25.0pt
* \topskip=12.0pt
* \footskip=30.0pt
* \marginparwidth=44.0pt
* \marginparsep=10.0pt
* \columnsep=10.0pt
* \skip\footins=10.8pt plus 4.0pt minus 2.0pt
* \hoffset=0.0pt
* \voffset=0.0pt
* \mag=1000
* \@twocolumnfalse
* \@twosidefalse
* \@mparswitchfalse
* \@reversemarginfalse
* (1in=72.27pt=25.4mm, 1cm=28.453pt)

Package caption Info: Begin \AtBeginDocument code.
Package caption Info: End \AtBeginDocument code.
\openout2 = `include/1.front_page.aux'.

(./include/1.front_page.tex
<images/escudo-itesm_small.png, id=1, 265.9536pt x 336.7782pt>
File: images/escudo-itesm_small.png Graphic file (type png)

<use images/escudo-itesm_small.png>
Package pdftex.def Info: images/escudo-itesm_small.png used on input line 4.
(pdftex.def)             Requested size: 119.67801pt x 151.54878pt.
 [1




{/var/lib/texmf/fonts/map/pdftex/updmap/pdftex.map} <./images/escudo-itesm_smal
l.png>])
\openout2 = `include/4.dedication.aux'.

 (./include/4.dedication.tex

Package Fancyhdr Warning: \fancyhead's `E' option without twoside option is use
less on input line 6.


Package Fancyhdr Warning: \fancyfoot's `E' option without twoside option is use
less on input line 7.

) [1




]
\openout2 = `include/ack.aux'.

 (./include/ack.tex

Package Fancyhdr Warning: \fancyhead's `E' option without twoside option is use
less on input line 6.


Package Fancyhdr Warning: \fancyfoot's `E' option without twoside option is use
less on input line 7.


Underfull \hbox (badness 10000) in paragraph at lines 15--17

 []


Underfull \hbox (badness 10000) in paragraph at lines 18--19

 []


Underfull \hbox (badness 10000) in paragraph at lines 20--21

 []

[2



])
\openout2 = `include/2.abstract.aux'.

 (./include/2.abstract.tex

Package Fancyhdr Warning: \fancyhead's `E' option without twoside option is use
less on input line 6.


Package Fancyhdr Warning: \fancyfoot's `E' option without twoside option is use
less on input line 7.


Underfull \hbox (badness 10000) in paragraph at lines 16--18

 []


Underfull \hbox (badness 10000) in paragraph at lines 19--20

 []


Underfull \hbox (badness 10000) in paragraph at lines 21--23

 []

[3




])
\openout2 = `include/2.resumen.aux'.

 (./include/2.resumen.tex

Package Fancyhdr Warning: \fancyhead's `E' option without twoside option is use
less on input line 6.


Package Fancyhdr Warning: \fancyfoot's `E' option without twoside option is use
less on input line 7.


Underfull \hbox (badness 10000) in paragraph at lines 16--18

 []


Underfull \hbox (badness 10000) in paragraph at lines 19--20

 []


Underfull \hbox (badness 10000) in paragraph at lines 21--23

 []

[4




])
\openout2 = `include/5.toc.aux'.

 (./include/5.toc.tex (./Tesis_v1.toc
LaTeX Info: Redefining \. on input line 1.
LaTeX Info: Redefining \% on input line 1.
LaTeX Font Info:    Try loading font information for U+msa on input line 10.

(/usr/share/texlive/texmf-dist/tex/latex/amsfonts/umsa.fd
File: umsa.fd 2013/01/14 v3.01 AMS symbols A
)
LaTeX Font Info:    Try loading font information for U+msb on input line 10.

(/usr/share/texlive/texmf-dist/tex/latex/amsfonts/umsb.fd
File: umsb.fd 2013/01/14 v3.01 AMS symbols B
) [5




]
LaTeX Info: Redefining \. on input line 55.
LaTeX Info: Redefining \% on input line 55.


Package Fancyhdr Warning: \headheight is too small (12.0pt): 
 Make it at least 14.49998pt.
 We now make it that large for the rest of the document.
 This may cause the page layout to be inconsistent, however.

[6])
\tf@toc=\write3
\openout3 = `Tesis_v1.toc'.

)
LaTeX Info: Redefining \. on input line 65.
LaTeX Info: Redefining \% on input line 65.
 [7]
\openout2 = `include/6.tables.aux'.

 (./include/6.tables.tex (./Tesis_v1.lot
LaTeX Info: Redefining \. on input line 1.
LaTeX Info: Redefining \% on input line 1.
)
\tf@lot=\write4
\openout4 = `Tesis_v1.lot'.

) [8



]
\openout2 = `include/7.figures.aux'.


(./include/7.figures.tex (./Tesis_v1.lof
LaTeX Info: Redefining \. on input line 1.
LaTeX Info: Redefining \% on input line 1.
)
\tf@lof=\write5
\openout5 = `Tesis_v1.lof'.

) [9



]
\openout2 = `include/7.5.code.aux'.

 (./include/7.5.code.tex
(./Tesis_v1.lol [10



])
\tf@lol=\write6
\openout6 = `Tesis_v1.lol'.

)
LaTeX Info: Redefining \. on input line 68.
LaTeX Info: Redefining \% on input line 68.
 [11]
\openout2 = `include/8.chapter01.aux'.

 (./include/8.chapter01.tex
(/usr/share/texlive/texmf-dist/tex/latex/titlesec/block.tss
File: block.tss 2011/12/15
)

Package Fancyhdr Warning: \fancyhead's `E' option without twoside option is use
less on input line 9.


Package Fancyhdr Warning: \fancyhead's `E' option without twoside option is use
less on input line 10.


Package Fancyhdr Warning: \fancyfoot's `E' option without twoside option is use
less on input line 11.

CHAPTER 1.

Underfull \hbox (badness 10000) in paragraph at lines 18--20

 []


Underfull \hbox (badness 10000) in paragraph at lines 21--22

 []


Underfull \hbox (badness 10000) in paragraph at lines 23--24

 []


Underfull \hbox (badness 10000) in paragraph at lines 25--26

 []


Underfull \hbox (badness 10000) in paragraph at lines 28--30

 []

[1



]
Underfull \hbox (badness 10000) in paragraph at lines 31--32

 []


Underfull \hbox (badness 10000) in paragraph at lines 33--34

 []


Underfull \hbox (badness 10000) in paragraph at lines 35--36

 []

LaTeX Info: Redefining \. on input line 43.
LaTeX Info: Redefining \% on input line 43.
[2]
Underfull \hbox (badness 10000) in paragraph at lines 60--62

 []


Underfull \hbox (badness 10000) in paragraph at lines 63--64

 []

LaTeX Info: Redefining \. on input line 64.
LaTeX Info: Redefining \% on input line 64.
[3]
Underfull \hbox (badness 10000) in paragraph at lines 65--66

 []


Underfull \hbox (badness 10000) in paragraph at lines 70--72

 []


Overfull \hbox (1.23987pt too wide) in paragraph at lines 73--74
[]\T1/cmr/m/n/12 With this pro-li-fe-ra-tion of Internet-connected de-vi-ces, e
s-sen-tially the num-ber of Internet-
 []


Underfull \hbox (badness 10000) in paragraph at lines 73--74

 []


Underfull \hbox (badness 10000) in paragraph at lines 75--76

 []


Underfull \hbox (badness 10000) in paragraph at lines 77--78

 []

LaTeX Info: Redefining \. on input line 78.
LaTeX Info: Redefining \% on input line 78.
[4]
Underfull \hbox (badness 10000) in paragraph at lines 79--80

 []


Underfull \hbox (badness 10000) in paragraph at lines 81--82

 []


Underfull \hbox (badness 10000) in paragraph at lines 83--84

 []


Underfull \hbox (badness 10000) in paragraph at lines 85--86

 []

LaTeX Info: Redefining \. on input line 91.
LaTeX Info: Redefining \% on input line 91.
[5]
LaTeX Info: Redefining \. on input line 113.
LaTeX Info: Redefining \% on input line 113.
 [6]
Underfull \hbox (badness 10000) in paragraph at lines 118--119

 []

LaTeX Info: Redefining \. on input line 120.
LaTeX Info: Redefining \% on input line 120.
[7])
\openout2 = `include/9.chapter02.aux'.

 (./include/9.chapter02.tex

Package Fancyhdr Warning: \fancyhead's `E' option without twoside option is use
less on input line 9.


Package Fancyhdr Warning: \fancyhead's `E' option without twoside option is use
less on input line 10.


Package Fancyhdr Warning: \fancyfoot's `E' option without twoside option is use
less on input line 11.

CHAPTER 2.

Underfull \hbox (badness 10000) in paragraph at lines 31--32

 []


Underfull \hbox (badness 10000) in paragraph at lines 33--34

 []

<image/Evolution.png, id=75, 913.4928pt x 433.62pt>
File: image/Evolution.png Graphic file (type png)
 <use image/Evolution.png>
Package pdftex.def Info: image/Evolution.png used on input line 37.
(pdftex.def)             Requested size: 457.80486pt x 217.31232pt.

[8




]
Underfull \hbox (badness 10000) in paragraph at lines 41--42

 []


Underfull \hbox (badness 10000) in paragraph at lines 43--44

 []


Underfull \hbox (badness 1371) in paragraph at lines 68--68
\T1/cmr/m/n/12 (Co-lom-bia), MTS(Russia), Air-cel, Cel-com,
 []


Underfull \hbox (badness 2698) in paragraph at lines 68--68
[]|\T1/cmr/m/n/12 AT&T, Ve-ri-zon, T-Mobile (USA),Celcom,
 []


Overfull \hbox (1.44817pt too wide) in paragraph at lines 68--69
 [] 
 []

LaTeX Info: Redefining \. on input line 72.
LaTeX Info: Redefining \% on input line 72.
[9 <./image/Evolution.png>]
Underfull \hbox (badness 10000) in paragraph at lines 75--77

 []

LaTeX Info: Redefining \. on input line 77.
LaTeX Info: Redefining \% on input line 77.
[10]
Underfull \hbox (badness 10000) in paragraph at lines 78--79

 []


Underfull \hbox (badness 10000) in paragraph at lines 90--91

 []


Underfull \hbox (badness 10000) in paragraph at lines 95--97

 []

LaTeX Info: Redefining \. on input line 97.
LaTeX Info: Redefining \% on input line 97.
[11]
Underfull \hbox (badness 10000) in paragraph at lines 98--99

 []


Underfull \hbox (badness 10000) in paragraph at lines 100--101

 []


Underfull \hbox (badness 10000) in paragraph at lines 102--103

 []


Underfull \hbox (badness 10000) in paragraph at lines 104--105

 []

<image/ModelChecking.png, id=91, 789.6702pt x 338.7054pt>
File: image/ModelChecking.png Graphic file (type png)

<use image/ModelChecking.png>
Package pdftex.def Info: image/ModelChecking.png used on input line 108.
(pdftex.def)             Requested size: 434.91321pt x 186.54178pt.
LaTeX Info: Redefining \. on input line 112.
LaTeX Info: Redefining \% on input line 112.
 [12]
Underfull \hbox (badness 10000) in paragraph at lines 116--118

 []

LaTeX Info: Redefining \. on input line 127.
LaTeX Info: Redefining \% on input line 127.
[13 <./image/ModelChecking.png>]
Underfull \hbox (badness 10000) in paragraph at lines 129--131

 []


Underfull \hbox (badness 10000) in paragraph at lines 135--137

 []

LaTeX Info: Redefining \. on input line 139.
LaTeX Info: Redefining \% on input line 139.
[14]
Overfull \hbox (13.41891pt too wide) in paragraph at lines 153--154
 [] 
 []


Underfull \hbox (badness 10000) in paragraph at lines 159--160

 []


Underfull \hbox (badness 10000) in paragraph at lines 161--162

 []


Underfull \hbox (badness 10000) in paragraph at lines 163--164

 []


Underfull \hbox (badness 10000) in paragraph at lines 165--166

 []


Underfull \hbox (badness 10000) in paragraph at lines 169--171

 []

LaTeX Info: Redefining \. on input line 171.
LaTeX Info: Redefining \% on input line 171.
[15

]
Underfull \hbox (badness 10000) in paragraph at lines 172--173

 []


Underfull \hbox (badness 10000) in paragraph at lines 174--175

 []


Underfull \hbox (badness 10000) in paragraph at lines 176--177

 []


Underfull \hbox (badness 10000) in paragraph at lines 178--179

 []


Underfull \hbox (badness 10000) in paragraph at lines 180--181

 []

LaTeX Info: Redefining \. on input line 181.
LaTeX Info: Redefining \% on input line 181.
[16]
Underfull \hbox (badness 10000) in paragraph at lines 193--194

 []

LaTeX Info: Redefining \. on input line 195.
LaTeX Info: Redefining \% on input line 195.
[17])
\openout2 = `include/10.chapter03.aux'.

 (./include/10.chapter03.tex

Package Fancyhdr Warning: \fancyhead's `E' option without twoside option is use
less on input line 8.


Package Fancyhdr Warning: \fancyhead's `E' option without twoside option is use
less on input line 9.


Package Fancyhdr Warning: \fancyfoot's `E' option without twoside option is use
less on input line 10.

CHAPTER 3.
(/usr/share/texlive/texmf-dist/tex/latex/listings/lstlang1.sty
File: lstlang1.sty 2014/03/04 1.5c listings language file
)
(/usr/share/texlive/texmf-dist/tex/latex/listings/lstlang2.sty
File: lstlang2.sty 2014/03/04 1.5c listings language file
)
(/usr/share/texlive/texmf-dist/tex/latex/listings/lstlang3.sty
File: lstlang3.sty 2014/03/04 1.5c listings language file
)
(/usr/share/texlive/texmf-dist/tex/latex/listings/lstmisc.sty
File: lstmisc.sty 2014/03/04 1.5c (Carsten Heinz)
)
Underfull \hbox (badness 10000) in paragraph at lines 31--33

 []

<image/TypeDef_Diagram.png, id=116, 662.96663pt x 246.9225pt>
File: image/TypeDef_Diagram.png Graphic file (type png)

<use image/TypeDef_Diagram.png>
Package pdftex.def Info: image/TypeDef_Diagram.png used on input line 36.
(pdftex.def)             Requested size: 457.80486pt x 170.5161pt.

Underfull \hbox (badness 10000) in paragraph at lines 41--43

 []

[18




 <./image/TypeDef_Diagram.png>]
Overfull \hbox (1.23422pt too wide) in paragraph at lines 57--58
 [] 
 []


Underfull \hbox (badness 10000) in paragraph at lines 84--86

 []

LaTeX Info: Redefining \. on input line 86.
LaTeX Info: Redefining \% on input line 86.
[19]
Overfull \hbox (3.13539pt too wide) in paragraph at lines 117--117
[]|\T1/cmr/m/n/12 time_range| 
 []

LaTeX Info: Redefining \. on input line 137.
LaTeX Info: Redefining \% on input line 137.
[20]
Underfull \hbox (badness 10000) in paragraph at lines 144--146

 []


Underfull \hbox (badness 10000) in paragraph at lines 147--148

 []


Underfull \hbox (badness 10000) in paragraph at lines 149--150

 []


Underfull \hbox (badness 10000) in paragraph at lines 151--152

 []

LaTeX Info: Redefining \. on input line 152.
LaTeX Info: Redefining \% on input line 152.
[21]
Underfull \hbox (badness 10000) in paragraph at lines 195--197

 []

LaTeX Info: Redefining \. on input line 197.
LaTeX Info: Redefining \% on input line 197.
[22]
Underfull \hbox (badness 10000) in paragraph at lines 232--234

 []

LaTeX Info: Redefining \. on input line 234.
LaTeX Info: Redefining \% on input line 234.
[23]
Overfull \hbox (6.32323pt too wide) in paragraph at lines 260--260
[]|\T1/cmr/m/n/12 Rules[$\OMS/cmsy/m/n/12 f$\T1/cmr/m/n/12 index$\OMS/cmsy/m/n/
12 g$\T1/cmr/m/n/12 ].action.action_applied==
 []


Overfull \hbox (6.32323pt too wide) in paragraph at lines 260--260
[]|\T1/cmr/m/n/12 Rules[$\OMS/cmsy/m/n/12 f$\T1/cmr/m/n/12 index$\OMS/cmsy/m/n/
12 g$\T1/cmr/m/n/12 ].action.action_applied==
 []


Underfull \hbox (badness 10000) in paragraph at lines 267--269

 []

LaTeX Info: Redefining \. on input line 269.
LaTeX Info: Redefining \% on input line 269.
[24]
Overfull \hbox (3.77869pt too wide) in paragraph at lines 279--279
[]|\T1/cmr/bx/n/12 Classification| 
 []


Underfull \hbox (badness 10000) in paragraph at lines 285--286

 []


Underfull \hbox (badness 10000) in paragraph at lines 287--288

 []


Overfull \hbox (0.93367pt too wide) in paragraph at lines 298--298
[]|\T1/cmr/bx/n/12 Classification| 
 []


Overfull \hbox (2.13773pt too wide) in paragraph at lines 298--298
|[][]
 []


Overfull \hbox (2.13773pt too wide) in paragraph at lines 298--298
|[][]
 []


Overfull \hbox (2.74898pt too wide) in paragraph at lines 298--299
 [] 
 []

LaTeX Info: Redefining \. on input line 303.
LaTeX Info: Redefining \% on input line 303.
[25]
Underfull \hbox (badness 10000) in paragraph at lines 304--305

 []


Underfull \hbox (badness 10000) in paragraph at lines 306--307

 []


Underfull \hbox (badness 10000) in paragraph at lines 309--311

 []

LaTeX Info: Redefining \. on input line 311.
LaTeX Info: Redefining \% on input line 311.
[26]
Underfull \hbox (badness 10000) in paragraph at lines 312--313

 []


Underfull \hbox (badness 10000) in paragraph at lines 317--319

 []

LaTeX Info: Redefining \. on input line 322.
LaTeX Info: Redefining \% on input line 322.
[27])
\openout2 = `include/11.chapter04.aux'.

 (./include/11.chapter04.tex

Package Fancyhdr Warning: \fancyhead's `E' option without twoside option is use
less on input line 8.


Package Fancyhdr Warning: \fancyhead's `E' option without twoside option is use
less on input line 9.


Package Fancyhdr Warning: \fancyfoot's `E' option without twoside option is use
less on input line 10.

CHAPTER 4.

Underfull \hbox (badness 10000) in paragraph at lines 18--20

 []


Underfull \hbox (badness 10000) in paragraph at lines 21--22

 []


Underfull \hbox (badness 10000) in paragraph at lines 23--24

 []


Underfull \hbox (badness 10000) in paragraph at lines 26--28

 []


Underfull \hbox (badness 10000) in paragraph at lines 32--34

 []

[28




]
Underfull \hbox (badness 10000) in paragraph at lines 53--54

 []


Underfull \hbox (badness 10000) in paragraph at lines 73--75

 []

LaTeX Info: Redefining \. on input line 75.
LaTeX Info: Redefining \% on input line 75.
[29]
Underfull \hbox (badness 10000) in paragraph at lines 95--97

 []

LaTeX Info: Redefining \. on input line 130.
LaTeX Info: Redefining \% on input line 130.
[30]
Underfull \hbox (badness 10000) in paragraph at lines 134--136

 []


Underfull \hbox (badness 10000) in paragraph at lines 137--138

 []


Underfull \hbox (badness 10000) in paragraph at lines 158--160

 []

LaTeX Info: Redefining \. on input line 160.
LaTeX Info: Redefining \% on input line 160.
[31]
Underfull \hbox (badness 10000) in paragraph at lines 161--162

 []


Underfull \hbox (badness 10000) in paragraph at lines 181--183

 []


Underfull \hbox (badness 10000) in paragraph at lines 184--185

 []

LaTeX Info: Redefining \. on input line 186.
LaTeX Info: Redefining \% on input line 186.
[32])
\openout2 = `include/12.chapter05.aux'.

 (./include/12.chapter05.tex

Package Fancyhdr Warning: \fancyhead's `E' option without twoside option is use
less on input line 8.


Package Fancyhdr Warning: \fancyhead's `E' option without twoside option is use
less on input line 9.


Package Fancyhdr Warning: \fancyfoot's `E' option without twoside option is use
less on input line 10.

CHAPTER 5.

Underfull \hbox (badness 10000) in paragraph at lines 17--19

 []


Underfull \hbox (badness 10000) in paragraph at lines 29--31

 []

[33




]
Underfull \hbox (badness 10000) in paragraph at lines 67--68

 []


Underfull \hbox (badness 10000) in paragraph at lines 69--70

 []

LaTeX Info: Redefining \. on input line 70.
LaTeX Info: Redefining \% on input line 70.
[34]
Underfull \hbox (badness 10000) in paragraph at lines 71--72

 []

<image/Plans_CoreRules.png, id=173, 371.4678pt x 217.2918pt>
File: image/Plans_CoreRules.png Graphic file (type png)

<use image/Plans_CoreRules.png>
Package pdftex.def Info: image/Plans_CoreRules.png used on input line 75.
(pdftex.def)             Requested size: 457.80486pt x 267.81436pt.

Underfull \hbox (badness 10000) in paragraph at lines 80--81

 []

LaTeX Info: Redefining \. on input line 86.
LaTeX Info: Redefining \% on input line 86.
[35 <./image/Plans_CoreRules.png>]
LaTeX Info: Redefining \. on input line 128.
LaTeX Info: Redefining \% on input line 128.
 [36]
LaTeX Info: Redefining \. on input line 174.
LaTeX Info: Redefining \% on input line 174.
 [37]
LaTeX Info: Redefining \. on input line 213.
LaTeX Info: Redefining \% on input line 213.
 [38]
Underfull \hbox (badness 10000) in paragraph at lines 230--231

 []


Underfull \hbox (badness 10000) in paragraph at lines 233--234

 []


Underfull \hbox (badness 10000) in paragraph at lines 235--236

 []

<image/Plans_RoamingRules.png, id=189, 403.7484pt x 268.8444pt>
File: image/Plans_RoamingRules.png Graphic file (type png)

<use image/Plans_RoamingRules.png>
Package pdftex.def Info: image/Plans_RoamingRules.png used on input line 242.
(pdftex.def)             Requested size: 457.80486pt x 304.85722pt.
LaTeX Info: Redefining \. on input line 246.
LaTeX Info: Redefining \% on input line 246.
 [39]
Underfull \hbox (badness 10000) in paragraph at lines 247--248

 []


Underfull \hbox (badness 10000) in paragraph at lines 249--250

 []

LaTeX Info: Redefining \. on input line 253.
LaTeX Info: Redefining \% on input line 253.
[40 <./image/Plans_RoamingRules.png>]
Underfull \hbox (badness 10000) in paragraph at lines 287--288

 []


Underfull \hbox (badness 10000) in paragraph at lines 289--290

 []

<image/Plans_RoamingRules2.png, id=197, 402.7848pt x 277.9986pt>
File: image/Plans_RoamingRules2.png Graphic file (type png)

<use image/Plans_RoamingRules2.png>
Package pdftex.def Info: image/Plans_RoamingRules2.png used on input line 293.
(pdftex.def)             Requested size: 457.80486pt x 315.9715pt.
LaTeX Info: Redefining \. on input line 297.
LaTeX Info: Redefining \% on input line 297.
 [41]
LaTeX Info: Redefining \. on input line 319.
LaTeX Info: Redefining \% on input line 319.
 [42 <./image/Plans_RoamingRules2.png>]
LaTeX Info: Redefining \. on input line 352.
LaTeX Info: Redefining \% on input line 352.
[43]
Underfull \hbox (badness 10000) in paragraph at lines 374--375

 []


Underfull \hbox (badness 10000) in paragraph at lines 376--377

 []

LaTeX Info: Redefining \. on input line 380.
LaTeX Info: Redefining \% on input line 380.
[44]
Underfull \hbox (badness 10000) in paragraph at lines 403--404

 []

LaTeX Info: Redefining \. on input line 427.
LaTeX Info: Redefining \% on input line 427.
[45]
Underfull \hbox (badness 10000) in paragraph at lines 456--458

 []

LaTeX Info: Redefining \. on input line 461.
LaTeX Info: Redefining \% on input line 461.
[46]
Underfull \hbox (badness 10000) in paragraph at lines 488--490

 []

LaTeX Info: Redefining \. on input line 501.
LaTeX Info: Redefining \% on input line 501.
[47]
Underfull \hbox (badness 10000) in paragraph at lines 520--522

 []


Underfull \hbox (badness 10000) in paragraph at lines 545--546

 []

LaTeX Info: Redefining \. on input line 546.
LaTeX Info: Redefining \% on input line 546.
[48]
Underfull \hbox (badness 10000) in paragraph at lines 547--548

 []


Underfull \hbox (badness 10000) in paragraph at lines 549--550

 []

LaTeX Info: Redefining \. on input line 579.
LaTeX Info: Redefining \% on input line 579.
[49]
LaTeX Info: Redefining \. on input line 628.
LaTeX Info: Redefining \% on input line 628.
 [50]
Underfull \hbox (badness 10000) in paragraph at lines 667--668

 []


Underfull \hbox (badness 10000) in paragraph at lines 669--670

 []

LaTeX Info: Redefining \. on input line 671.
LaTeX Info: Redefining \% on input line 671.
[51]
Underfull \hbox (badness 10000) in paragraph at lines 710--711

 []

LaTeX Info: Redefining \. on input line 714.
LaTeX Info: Redefining \% on input line 714.
[52]
Underfull \hbox (badness 10000) in paragraph at lines 741--743

 []


Underfull \hbox (badness 10000) in paragraph at lines 744--745

 []

LaTeX Info: Redefining \. on input line 748.
LaTeX Info: Redefining \% on input line 748.
[53]
LaTeX Info: Redefining \. on input line 796.
LaTeX Info: Redefining \% on input line 796.
 [54]
Underfull \hbox (badness 10000) in paragraph at lines 815--816

 []


Underfull \hbox (badness 10000) in paragraph at lines 817--818

 []

LaTeX Info: Redefining \. on input line 834.
LaTeX Info: Redefining \% on input line 834.
[55]
LaTeX Info: Redefining \. on input line 870.
LaTeX Info: Redefining \% on input line 870.
 [56]
LaTeX Info: Redefining \. on input line 922.
LaTeX Info: Redefining \% on input line 922.
 [57]
Underfull \hbox (badness 10000) in paragraph at lines 937--938

 []


Underfull \hbox (badness 10000) in paragraph at lines 939--940

 []


Underfull \hbox (badness 10000) in paragraph at lines 942--944

 []

LaTeX Info: Redefining \. on input line 944.
LaTeX Info: Redefining \% on input line 944.
[58]
Underfull \hbox (badness 10000) in paragraph at lines 970--971

 []

LaTeX Info: Redefining \. on input line 974.
LaTeX Info: Redefining \% on input line 974.
[59]
Overfull \hbox (4.7964pt too wide) in paragraph at lines 1036--1036
|[][]
 []


Overfull \hbox (0.51913pt too wide) in paragraph at lines 1036--1037
 [] 
 []

LaTeX Info: Redefining \. on input line 1041.
LaTeX Info: Redefining \% on input line 1041.
[60]
Underfull \hbox (badness 10000) in paragraph at lines 1042--1043

 []


Underfull \hbox (badness 10000) in paragraph at lines 1046--1047

 []

LaTeX Info: Redefining \. on input line 1047.
LaTeX Info: Redefining \% on input line 1047.
[61]
Underfull \hbox (badness 10000) in paragraph at lines 1048--1049

 []

LaTeX Info: Redefining \. on input line 1050.
LaTeX Info: Redefining \% on input line 1050.
[62])
\openout2 = `include/13.chapter06.aux'.

 (./include/13.chapter06.tex

Package Fancyhdr Warning: \fancyhead's `E' option without twoside option is use
less on input line 8.


Package Fancyhdr Warning: \fancyhead's `E' option without twoside option is use
less on input line 9.


Package Fancyhdr Warning: \fancyfoot's `E' option without twoside option is use
less on input line 10.

CHAPTER 6.

Underfull \hbox (badness 10000) in paragraph at lines 18--20

 []


Underfull \hbox (badness 10000) in paragraph at lines 21--22

 []


Underfull \hbox (badness 10000) in paragraph at lines 23--24

 []


Underfull \hbox (badness 10000) in paragraph at lines 25--26

 []


Underfull \hbox (badness 10000) in paragraph at lines 27--28

 []


Underfull \hbox (badness 10000) in paragraph at lines 30--32

 []

[63




]
Underfull \hbox (badness 10000) in paragraph at lines 33--34

 []


Underfull \hbox (badness 10000) in paragraph at lines 35--36

 []

LaTeX Info: Redefining \. on input line 37.
LaTeX Info: Redefining \% on input line 37.
[64])
\openout2 = `includes/bibliografia.aux'.

 (./includes/bibliografia.tex

Package Fancyhdr Warning: \fancyhead's `E' option without twoside option is use
less on input line 6.


Package Fancyhdr Warning: \fancyfoot's `E' option without twoside option is use
less on input line 7.

(./Tesis_v1.bbl
** WARNING: IEEEtran.bst: No hyphenation pattern has been
** loaded for the language `English'. Using the pattern for
** the default language instead.
** WARNING: IEEEtran.bst: No hyphenation pattern has been
** loaded for the language `English'. Using the pattern for
** the default language instead.
[65




]
LaTeX Info: Redefining \. on input line 144.
LaTeX Info: Redefining \% on input line 144.
 [66]
** WARNING: IEEEtran.bst: No hyphenation pattern has been
** loaded for the language `English'. Using the pattern for
** the default language instead.
** WARNING: IEEEtran.bst: No hyphenation pattern has been
** loaded for the language `English'. Using the pattern for
** the default language instead.
))
LaTeX Info: Redefining \. on input line 78.
LaTeX Info: Redefining \% on input line 78.
 [67]
\openout2 = `include/14.AppendixA.aux'.

 (./include/14.AppendixA.tex

Package Fancyhdr Warning: \fancyhead's `E' option without twoside option is use
less on input line 8.


Package Fancyhdr Warning: \fancyhead's `E' option without twoside option is use
less on input line 9.


Package Fancyhdr Warning: \fancyfoot's `E' option without twoside option is use
less on input line 10.

Appendix A.

Underfull \hbox (badness 10000) in paragraph at lines 18--19

 []

[68



]
Overfull \hbox (51.29259pt too wide) in paragraph at lines 47--48
[][][][][][][][][][][][][][][][][][][][][][][][][][] 
 []


Overfull \hbox (57.03992pt too wide) in paragraph at lines 47--48
[][][][][][][][][][][][][][][][][][][][][][][][][][][] 
 []


Overfull \hbox (51.29259pt too wide) in paragraph at lines 48--49
[][][][][][][][][][][][][][][][][][][][][][][][][][] 
 []


Overfull \hbox (57.03992pt too wide) in paragraph at lines 48--49
[][][][][][][][][][][][][][][][][][][][][][][][][][][] 
 []


Overfull \hbox (51.29259pt too wide) in paragraph at lines 49--50
[][][][][][][][][][][][][][][][][][][][][][][][][][] 
 []


Overfull \hbox (57.03992pt too wide) in paragraph at lines 49--50
[][][][][][][][][][][][][][][][][][][][][][][][][][][] 
 []


Overfull \hbox (51.29259pt too wide) in paragraph at lines 50--51
[][][][][][][][][][][][][][][][][][][][][][][][][][] 
 []


Overfull \hbox (57.03992pt too wide) in paragraph at lines 50--51
[][][][][][][][][][][][][][][][][][][][][][][][][][][] 
 []


Overfull \hbox (51.29259pt too wide) in paragraph at lines 51--52
[][][][][][][][][][][][][][][][][][][][][][][][][][] 
 []


Overfull \hbox (57.03992pt too wide) in paragraph at lines 51--52
[][][][][][][][][][][][][][][][][][][][][][][][][][][] 
 []


Overfull \hbox (51.29259pt too wide) in paragraph at lines 52--53
[][][][][][][][][][][][][][][][][][][][][][][][][][] 
 []


Overfull \hbox (57.03992pt too wide) in paragraph at lines 52--53
[][][][][][][][][][][][][][][][][][][][][][][][][][][] 
 []


Overfull \hbox (51.29259pt too wide) in paragraph at lines 53--54
[][][][][][][][][][][][][][][][][][][][][][][][][][] 
 []


Overfull \hbox (51.29259pt too wide) in paragraph at lines 53--54
[][][][][][][][][][][][][][][][][][][][][][][][][][]  
 []

LaTeX Info: Redefining \. on input line 60.
LaTeX Info: Redefining \% on input line 60.
[69]
Underfull \hbox (badness 10000) in paragraph at lines 79--80

 []

)
LaTeX Info: Redefining \. on input line 81.
LaTeX Info: Redefining \% on input line 81.
 [70]
\openout2 = `include/vitae.aux'.

 (./include/vitae.tex

Package Fancyhdr Warning: \fancyhead's `E' option without twoside option is use
less on input line 6.


Package Fancyhdr Warning: \fancyfoot's `E' option without twoside option is use
less on input line 7.


Underfull \hbox (badness 10000) in paragraph at lines 15--17

 []


Underfull \hbox (badness 10000) in paragraph at lines 18--19

 []


Underfull \hbox (badness 10000) in paragraph at lines 20--21

 []

) [71



] (./Tesis_v1.aux (./include/1.front_page.aux)
LaTeX Info: Redefining \. on input line 8.
LaTeX Info: Redefining \% on input line 8.
 (./include/4.dedication.aux) (./include/ack.aux) (./include/2.abstract.aux) (.
/include/2.resumen.aux)
(./include/5.toc.aux) (./include/6.tables.aux) (./include/7.figures.aux)
(./include/7.5.code.aux) (./include/8.chapter01.aux) (./include/9.chapter02.aux
) (./include/10.chapter03.aux) (./include/11.chapter04.aux)
(./include/12.chapter05.aux) (./include/13.chapter06.aux)
(./includes/bibliografia.aux) (./include/14.AppendixA.aux) (./include/vitae.aux
))

LaTeX Warning: There were multiply-defined labels.

 ) 
Here is how much of TeX's memory you used:
 9144 strings out of 493104
 131042 string characters out of 6136932
 265179 words of memory out of 5000000
 12041 multiletter control sequences out of 15000+600000
 24331 words of font info for 54 fonts, out of 8000000 for 9000
 1379 hyphenation exceptions out of 8191
 40i,20n,51p,1001b,1870s stack positions out of 5000i,500n,10000p,200000b,80000s
{/usr/share/texmf/fonts/enc/dvips/cm-super/cm-super-t1.enc}</usr/share/texliv
e/texmf-dist/fonts/type1/public/amsfonts/cm/cmmi12.pfb></usr/share/texlive/texm
f-dist/fonts/type1/public/amsfonts/cm/cmr12.pfb></usr/share/texlive/texmf-dist/
fonts/type1/public/amsfonts/cm/cmsy10.pfb></usr/share/texlive/texmf-dist/fonts/
type1/public/amsfonts/cm/cmsy8.pfb></usr/share/texlive/texmf-dist/fonts/type1/p
ublic/amsfonts/symbols/msam10.pfb></usr/share/texmf/fonts/type1/public/cm-super
/sfbi1000.pfb></usr/share/texmf/fonts/type1/public/cm-super/sfbx1200.pfb></usr/
share/texmf/fonts/type1/public/cm-super/sfcc1200.pfb></usr/share/texmf/fonts/ty
pe1/public/cm-super/sfrm1000.pfb></usr/share/texmf/fonts/type1/public/cm-super/
sfrm1200.pfb></usr/share/texmf/fonts/type1/public/cm-super/sfrm1728.pfb></usr/s
hare/texmf/fonts/type1/public/cm-super/sfsl1200.pfb></usr/share/texmf/fonts/typ
e1/public/cm-super/sfti1000.pfb></usr/share/texmf/fonts/type1/public/cm-super/s
fti1200.pfb></usr/share/texmf/fonts/type1/public/cm-super/sftt1000.pfb></usr/sh
are/texmf/fonts/type1/public/cm-super/sfxc1200.pfb>
Output written on Tesis_v1.pdf (83 pages, 817884 bytes).
PDF statistics:
 353 PDF objects out of 1000 (max. 8388607)
 235 compressed objects within 3 object streams
 0 named destinations out of 1000 (max. 500000)
 36 words of extra memory for PDF output out of 10000 (max. 10000000)

